<?xml version="1.0" encoding="UTF-8"?>
<!-- Generated by org.testng.reporters.JUnitReportReporter -->
<testsuite hostname="DESKTOP-9STP60L" failures="0" tests="4" name="testPolicyBazzar.POL_TC_1234_ValidatingPersonalDetails" time="5.849" errors="0" timestamp="2023-07-08T11:13:38 IST" skipped="0">
  <testcase classname="testPolicyBazzar.POL_TC_1234_ValidatingPersonalDetails" name="validatingProfilePageURL" time="5.120">
    <system-out>
      <![CDATA[validatingProfilePageURL Execution started
Actual and expected url are matching - TC is passed
validatingProfilePageURL is successfully executed]]>
    </system-out>
  </testcase> <!-- validatingProfilePageURL -->
  <testcase classname="testPolicyBazzar.POL_TC_1234_ValidatingPersonalDetails" name="validatingFemaleRadioSelection" time="0.088">
    <system-out>
      <![CDATA[validatingFemaleRadioSelection Execution started
Female radio button is selected - TC is passed
validatingFemaleRadioSelection is successfully executed]]>
    </system-out>
  </testcase> <!-- validatingFemaleRadioSelection -->
  <testcase classname="testPolicyBazzar.POL_TC_1234_ValidatingPersonalDetails" name="validatingUserName" time="0.481">
    <system-out>
      <![CDATA[validatingUserName Execution started
Reading data from excel row number-1, cell number-2
Actual and expected username are matching - TC is Passed
Taking screenshot and stored at-C:\Users\palla\EclipseWorksapce\PolicyBazzarProject\screenshots\Pallavi Pustake-POL_TC_1234-CR.png
validatingUserName is successfully executed]]>
    </system-out>
  </testcase> <!-- validatingUserName -->
  <testcase classname="testPolicyBazzar.POL_TC_1234_ValidatingPersonalDetails" name="validatingEmailID" time="0.160">
    <system-out>
      <![CDATA[validatingEmailID Execution started
Reading data from excel row number-1, cell number-3
Actual and expected EmailID's are matching - TC is passed
validatingEmailID is successfully executed]]>
    </system-out>
  </testcase> <!-- validatingEmailID -->
  <system-out>
    <![CDATA[Launching Policy Bazzar Appilcation
Waiting for complete load page, wait time-1000
Clicking on sign in home page
Waiting for complete load page, wait time-1000
Reading data from excel row number-1, cell number-0
Entering mobile number
Waiting for,wait time-1000
Clicking on sign in with password
Waiting for,wait time-1000
Reading data from excel row number-1, cell number-1
Entering password
Clicking on sign in
Waiting for complete load page, wait time-1500
Clicking on my account
Waiting for,wait time-1000
Clicking on my profile
Waiting for complete load page, wait time-2000
validatingProfilePageURL Execution started
Actual and expected url are matching - TC is passed
validatingProfilePageURL is successfully executed
validatingFemaleRadioSelection Execution started
Female radio button is selected - TC is passed
validatingFemaleRadioSelection is successfully executed
validatingUserName Execution started
Reading data from excel row number-1, cell number-2
Actual and expected username are matching - TC is Passed
Taking screenshot and stored at-C:\Users\palla\EclipseWorksapce\PolicyBazzarProject\screenshots\Pallavi Pustake-POL_TC_1234-CR.png
validatingUserName is successfully executed
validatingEmailID Execution started
Reading data from excel row number-1, cell number-3
Actual and expected EmailID's are matching - TC is passed
validatingEmailID is successfully executed
Logging out from Policy Bazzar Application]]>
  </system-out>
</testsuite> <!-- testPolicyBazzar.POL_TC_1234_ValidatingPersonalDetails -->
